<?xml version="1.0" encoding="UTF-8"?>
<testsuite xmlns:xsi="http://www.w3.org/2001/XMLSchema-instance" xsi:schemaLocation="https://maven.apache.org/surefire/maven-surefire-plugin/xsd/surefire-test-report.xsd" name="runner.CukesRunner" time="45.484" tests="15" errors="0" skipped="0" failures="0">
  <properties>
[...]
</properties>
  <testcase name="Given Open Chrome and start application" classname="| svarunbe | jothikumarbe |" time="0.009"/>
  <testcase name="When I enter valid credentials &quot;svarunbe&quot; and &quot;jothikumarbe&quot;" classname="| svarunbe | jothikumarbe |" time="0"/>
  <testcase name="Then User should be able to login successfully" classname="| svarunbe | jothikumarbe |" time="0"/>
  <testcase name="Then applicatioin should be closed" classname="| svarunbe | jothikumarbe |" time="0.001"/>
  <testcase name="| svarunbe | jothikumarbe |" classname="| svarunbe | jothikumarbe |" time="0.004"/>
  <testcase name="Given Open Chrome and start application" classname="| dummy | dummy |" time="0"/>
  <testcase name="When I enter valid credentials &quot;dummy&quot; and &quot;dummy&quot;" classname="| dummy | dummy |" time="0"/>
  <testcase name="Then User should be able to login successfully" classname="| dummy | dummy |" time="0.001"/>
  <testcase name="Then applicatioin should be closed" classname="| dummy | dummy |" time="0"/>
  <testcase name="| dummy | dummy |" classname="| dummy | dummy |" time="0.003"/>
  <testcase name="When application should be reopened again" classname="| dummy1 | dummy1 |" time="0"/>
  <testcase name="And I enter valid credentials again &quot;dummy1&quot; and &quot;dummy1&quot;" classname="| dummy1 | dummy1 |" time="0"/>
  <testcase name="And User should be able to login successfully again" classname="| dummy1 | dummy1 |" time="0"/>
  <testcase name="Then applicatioin should be closed again" classname="| dummy1 | dummy1 |" time="0"/>
  <testcase name="| dummy1 | dummy1 |" classname="| dummy1 | dummy1 |" time="0.002"/>
</testsuite>